<?xml version="1.0" encoding="UTF-8"?>
<testsuite xmlns:xsi="http://www.w3.org/2001/XMLSchema-instance" xsi:noNamespaceSchemaLocation="https://maven.apache.org/surefire/maven-surefire-plugin/xsd/surefire-test-report-3.0.xsd" version="3.0" name="com.example.BoardTest" time="0.085" tests="11" errors="0" skipped="0" failures="0">
  <properties>
[...]
</properties>
  <testcase name="testInvalidMove" classname="com.example.BoardTest" time="0.006"/>
  <testcase name="testReset" classname="com.example.BoardTest" time="0"/>
  <testcase name="testIsOccupied" classname="com.example.BoardTest" time="0"/>
  <testcase name="testSelectPiece" classname="com.example.BoardTest" time="0"/>
  <testcase name="testValidMove" classname="com.example.BoardTest" time="0.001">
    <system-out><![CDATA[Current working directory: /Users/alvisestella/Desktop/Klotski/junit
]]></system-out>
    <system-err><![CDATA[Error: Logs/out.txt (No such file or directory)
]]></system-err>
  </testcase>
  <testcase name="testIsSelect" classname="com.example.BoardTest" time="0"/>
  <testcase name="testWinCondition" classname="com.example.BoardTest" time="0"/>
  <testcase name="testInitialization" classname="com.example.BoardTest" time="0"/>
  <testcase name="testInvalidDirection" classname="com.example.BoardTest" time="0"/>
  <testcase name="testIsNotOccupied" classname="com.example.BoardTest" time="0"/>
  <testcase name="testIsNotSelect" classname="com.example.BoardTest" time="0"/>
</testsuite>